<?xml version="1.0" encoding="UTF-8"?>
<!-- Generated by org.testng.reporters.JUnitXMLReporter -->
<testsuite ignored="0" hostname="LAPTOP-MTGNT260" failures="0" tests="4" name="Test" time="26.85" errors="0" timestamp="2022-08-23T12:34:59 IST">
  <testcase classname="com.Dataprovider.DataTest" name="halfEbayRegPageTest" time="0.783"/>
  <testcase classname="com.Dataprovider.DataTest" name="halfEbayRegPageTest" time="0.799"/>
  <testcase classname="com.Dataprovider.DataTest" name="halfEbayRegPageTest" time="0.789"/>
  <testcase classname="com.Dataprovider.DataTest" name="halfEbayRegPageTest" time="0.838"/>
</testsuite> <!-- Test -->
