<?xml version="1.0" encoding="UTF-8"?>
<!-- Generated by org.testng.reporters.JUnitXMLReporter -->
<testsuite ignored="0" hostname="LAPTOP-MTGNT260" failures="0" tests="11" name="Test" time="0.098" errors="0" timestamp="2022-07-26T11:05:44 IST">
  <testcase classname="practice.test" name="invoke" time="0.007"/>
  <testcase classname="practice.test" name="invoke" time="0.002"/>
  <testcase classname="practice.test" name="invoke" time="0.001"/>
  <testcase classname="practice.test" name="invoke" time="0.001"/>
  <testcase classname="practice.test" name="invoke" time="0.002"/>
  <testcase classname="practice.test" name="invoke" time="0.002"/>
  <testcase classname="practice.test" name="invoke" time="0.001"/>
  <testcase classname="practice.test" name="invoke" time="0.001"/>
  <testcase classname="practice.test" name="invoke" time="0.001"/>
  <testcase classname="practice.test" name="invoke" time="0.001"/>
  <testcase classname="practice.test" name="ST" time="0.001"/>
</testsuite> <!-- Test -->
